{"name": "test_register_new_user", "status": "failed", "statusDetails": {"message": "AssertionError: Cant find element by locator: ('css selector', '#input-firstname')", "trace": "self = <page_object.user_registration.UserRegistration object at 0x7f0cc48a6880>\nlocator = ('css selector', '#input-firstname')\n\n    def _verify_element_presence(self, locator: tuple):\n        try:\n>           return WebDriverWait(self.browser, 1).until(EC.visibility_of_element_located(locator))\n\nProject/page_object/BasePage.py:20: \n_ _ _ _ _ _ _ _ _ _ _ _ _ _ _ _ _ _ _ _ _ _ _ _ _ _ _ _ _ _ _ _ _ _ _ _ _ _ _ _ \n\nself = <selenium.webdriver.support.wait.WebDriverWait (session=\"6bf2eb555143c9ce7e6162c497639e2b\")>\nmethod = <function visibility_of_element_located.<locals>._predicate at 0x7f0cc489d310>\nmessage = ''\n\n    def until(self, method, message: str = \"\"):\n        \"\"\"Calls the method provided with the driver as an argument until the \\\n        return value does not evaluate to ``False``.\n    \n        :param method: callable(WebDriver)\n        :param message: optional message for :exc:`TimeoutException`\n        :returns: the result of the last call to `method`\n        :raises: :exc:`selenium.common.exceptions.TimeoutException` if timeout occurs\n        \"\"\"\n        screen = None\n        stacktrace = None\n    \n        end_time = time.monotonic() + self._timeout\n        while True:\n            try:\n                value = method(self._driver)\n                if value:\n                    return value\n            except self._ignored_exceptions as exc:\n                screen = getattr(exc, 'screen', None)\n                stacktrace = getattr(exc, 'stacktrace', None)\n            time.sleep(self._poll)\n            if time.monotonic() > end_time:\n                break\n>       raise TimeoutException(message, screen, stacktrace)\nE       selenium.common.exceptions.TimeoutException: Message: \nE       Stacktrace:\nE       #0 0x55ceeb308c33 <unknown>\nE       #1 0x55ceeb052158 <unknown>\nE       #2 0x55ceeb088457 <unknown>\nE       #3 0x55ceeb088621 <unknown>\nE       #4 0x55ceeb0bb654 <unknown>\nE       #5 0x55ceeb0a605d <unknown>\nE       #6 0x55ceeb0b9374 <unknown>\nE       #7 0x55ceeb0a5f23 <unknown>\nE       #8 0x55ceeb07b8aa <unknown>\nE       #9 0x55ceeb07ca05 <unknown>\nE       #10 0x55ceeb34d1ed <unknown>\nE       #11 0x55ceeb35124e <unknown>\nE       #12 0x55ceeb33748e <unknown>\nE       #13 0x55ceeb351f88 <unknown>\nE       #14 0x55ceeb32c630 <unknown>\nE       #15 0x55ceeb36e308 <unknown>\nE       #16 0x55ceeb36e488 <unknown>\nE       #17 0x55ceeb38883d <unknown>\nE       #18 0x7f1d7fe3e609 <unknown>\n\nvenv/lib/python3.8/site-packages/selenium/webdriver/support/wait.py:90: TimeoutException\n\nDuring handling of the above exception, another exception occurred:\n\nbrowser = <selenium.webdriver.chrome.webdriver.WebDriver (session=\"6bf2eb555143c9ce7e6162c497639e2b\")>\nbase_url = 'http://192.168.72.130:8081/'\n\n    def test_register_new_user(browser, base_url):\n        \"\"\"Тест регистрации нового пользователя\n                   Шаги:\n                      1. Переход на старницу регистрации нового пользователя\n                      2. Заполнение обязательных полей\n                      3. Проверка регистрации пользователя\"\"\"\n        browser.get(base_url)\n        browser.maximize_window()\n        MainPage(browser).swith_to_register_user()\n>       UserRegistration(browser).fill_in_the_field()\n\nProject/tests/test_browser.py:108: \n_ _ _ _ _ _ _ _ _ _ _ _ _ _ _ _ _ _ _ _ _ _ _ _ _ _ _ _ _ _ _ _ _ _ _ _ _ _ _ _ \nProject/page_object/user_registration.py:32: in fill_in_the_field\n    self._verify_element_presence(self.placeholder_first_name).send_keys('Ivan')\n_ _ _ _ _ _ _ _ _ _ _ _ _ _ _ _ _ _ _ _ _ _ _ _ _ _ _ _ _ _ _ _ _ _ _ _ _ _ _ _ \n\nself = <page_object.user_registration.UserRegistration object at 0x7f0cc48a6880>\nlocator = ('css selector', '#input-firstname')\n\n    def _verify_element_presence(self, locator: tuple):\n        try:\n            return WebDriverWait(self.browser, 1).until(EC.visibility_of_element_located(locator))\n    \n        except TimeoutException:\n>           raise AssertionError(\"Cant find element by locator: {}\".format(locator))\nE           AssertionError: Cant find element by locator: ('css selector', '#input-firstname')\n\nProject/page_object/BasePage.py:23: AssertionError"}, "description": "Тест регистрации нового пользователя\n               Шаги:\n                  1. Переход на старницу регистрации нового пользователя\n                  2. Заполнение обязательных полей\n                  3. Проверка регистрации пользователя", "start": 1656354829256, "stop": 1656354834684, "uuid": "c28bbd00-f983-490d-94f3-52a660916c61", "historyId": "c4027a14c15273f70b94ea50b8f65c6b", "testCaseId": "08f224794ac6e0dd6b15d82e351af9d8", "fullName": "Project.tests.test_browser#test_register_new_user", "labels": [{"name": "parentSuite", "value": "Project.tests"}, {"name": "suite", "value": "test_browser"}, {"name": "host", "value": "ubuntu"}, {"name": "thread", "value": "10737-MainThread"}, {"name": "framework", "value": "pytest"}, {"name": "language", "value": "cpython3"}, {"name": "package", "value": "Project.tests.test_browser"}]}